{"D:\\nodeExample\\myblog\\index.js":{"path":"D:\\nodeExample\\myblog\\index.js","s":{"1":1,"2":1,"3":1,"4":1,"5":1,"6":1,"7":1,"8":1,"9":1,"10":1,"11":1,"12":1,"13":1,"14":1,"15":1,"16":1,"17":1,"18":1,"19":1,"20":0,"21":0,"22":0,"23":0,"24":1,"25":1,"26":1,"27":1,"28":0,"29":1,"30":1,"31":0,"32":0},"b":{"1":[1,0]},"f":{"1":0,"2":0,"3":0},"fnMap":{"1":{"name":"(anonymous_1)","line":47,"loc":{"start":{"line":47,"column":8},"end":{"line":47,"column":34}}},"2":{"name":"(anonymous_2)","line":83,"loc":{"start":{"line":83,"column":8},"end":{"line":83,"column":39}}},"3":{"name":"(anonymous_3)","line":93,"loc":{"start":{"line":93,"column":28},"end":{"line":93,"column":40}}}},"statementMap":{"1":{"start":{"line":1,"column":0},"end":{"line":1,"column":27}},"2":{"start":{"line":2,"column":0},"end":{"line":2,"column":33}},"3":{"start":{"line":3,"column":0},"end":{"line":3,"column":41}},"4":{"start":{"line":4,"column":0},"end":{"line":4,"column":51}},"5":{"start":{"line":5,"column":0},"end":{"line":5,"column":37}},"6":{"start":{"line":6,"column":0},"end":{"line":6,"column":36}},"7":{"start":{"line":7,"column":0},"end":{"line":7,"column":33}},"8":{"start":{"line":8,"column":0},"end":{"line":8,"column":31}},"9":{"start":{"line":9,"column":0},"end":{"line":9,"column":33}},"10":{"start":{"line":10,"column":0},"end":{"line":10,"column":48}},"11":{"start":{"line":12,"column":0},"end":{"line":12,"column":20}},"12":{"start":{"line":15,"column":0},"end":{"line":15,"column":48}},"13":{"start":{"line":17,"column":0},"end":{"line":17,"column":30}},"14":{"start":{"line":20,"column":0},"end":{"line":20,"column":56}},"15":{"start":{"line":22,"column":0},"end":{"line":31,"column":4}},"16":{"start":{"line":33,"column":0},"end":{"line":33,"column":17}},"17":{"start":{"line":36,"column":0},"end":{"line":39,"column":4}},"18":{"start":{"line":42,"column":0},"end":{"line":45,"column":2}},"19":{"start":{"line":47,"column":0},"end":{"line":52,"column":3}},"20":{"start":{"line":48,"column":4},"end":{"line":48,"column":39}},"21":{"start":{"line":49,"column":4},"end":{"line":49,"column":57}},"22":{"start":{"line":50,"column":4},"end":{"line":50,"column":53}},"23":{"start":{"line":51,"column":4},"end":{"line":51,"column":11}},"24":{"start":{"line":54,"column":0},"end":{"line":64,"column":4}},"25":{"start":{"line":67,"column":0},"end":{"line":67,"column":12}},"26":{"start":{"line":70,"column":0},"end":{"line":80,"column":4}},"27":{"start":{"line":83,"column":0},"end":{"line":87,"column":3}},"28":{"start":{"line":84,"column":4},"end":{"line":86,"column":7}},"29":{"start":{"line":90,"column":0},"end":{"line":96,"column":1}},"30":{"start":{"line":91,"column":4},"end":{"line":91,"column":25}},"31":{"start":{"line":93,"column":4},"end":{"line":95,"column":7}},"32":{"start":{"line":94,"column":8},"end":{"line":94,"column":68}}},"branchMap":{"1":{"line":90,"type":"if","locations":[{"start":{"line":90,"column":0},"end":{"line":90,"column":0}},{"start":{"line":90,"column":0},"end":{"line":90,"column":0}}]}}},"D:\\nodeExample\\myblog\\config\\default.js":{"path":"D:\\nodeExample\\myblog\\config\\default.js","s":{"1":1},"b":{},"f":{},"fnMap":{},"statementMap":{"1":{"start":{"line":1,"column":0},"end":{"line":9,"column":1}}},"branchMap":{}},"D:\\nodeExample\\myblog\\routes\\index.js":{"path":"D:\\nodeExample\\myblog\\routes\\index.js","s":{"1":1,"2":1,"3":0,"4":1,"5":1,"6":1,"7":1,"8":1,"9":0,"10":0},"b":{"1":[0,0]},"f":{"1":1,"2":0,"3":0},"fnMap":{"1":{"name":"(anonymous_1)","line":1,"loc":{"start":{"line":1,"column":17},"end":{"line":1,"column":32}}},"2":{"name":"(anonymous_2)","line":2,"loc":{"start":{"line":2,"column":17},"end":{"line":2,"column":37}}},"3":{"name":"(anonymous_3)","line":10,"loc":{"start":{"line":10,"column":12},"end":{"line":10,"column":32}}}},"statementMap":{"1":{"start":{"line":1,"column":0},"end":{"line":17,"column":2}},"2":{"start":{"line":2,"column":4},"end":{"line":4,"column":7}},"3":{"start":{"line":3,"column":8},"end":{"line":3,"column":31}},"4":{"start":{"line":5,"column":4},"end":{"line":5,"column":44}},"5":{"start":{"line":6,"column":4},"end":{"line":6,"column":44}},"6":{"start":{"line":7,"column":4},"end":{"line":7,"column":46}},"7":{"start":{"line":8,"column":4},"end":{"line":8,"column":42}},"8":{"start":{"line":10,"column":4},"end":{"line":14,"column":7}},"9":{"start":{"line":11,"column":8},"end":{"line":13,"column":9}},"10":{"start":{"line":12,"column":12},"end":{"line":12,"column":30}}},"branchMap":{"1":{"line":11,"type":"if","locations":[{"start":{"line":11,"column":8},"end":{"line":11,"column":8}},{"start":{"line":11,"column":8},"end":{"line":11,"column":8}}]}}},"D:\\nodeExample\\myblog\\routes\\signup.js":{"path":"D:\\nodeExample\\myblog\\routes\\signup.js","s":{"1":1,"2":1,"3":1,"4":1,"5":1,"6":1,"7":1,"8":0,"9":1,"10":0,"11":0,"12":0,"13":0,"14":0,"15":0,"16":0,"17":0,"18":0,"19":0,"20":0,"21":0,"22":0,"23":0,"24":0,"25":0,"26":0,"27":0,"28":0,"29":0,"30":0,"31":0,"32":0,"33":0,"34":0,"35":0,"36":0,"37":0,"38":0,"39":0,"40":0,"41":0,"42":0,"43":1},"b":{"1":[0,0],"2":[0,0],"3":[0,0],"4":[0,0],"5":[0,0],"6":[0,0],"7":[0,0],"8":[0,0],"9":[0,0]},"f":{"1":0,"2":0,"3":0,"4":0},"fnMap":{"1":{"name":"(anonymous_1)","line":10,"loc":{"start":{"line":10,"column":31},"end":{"line":10,"column":57}}},"2":{"name":"(anonymous_2)","line":15,"loc":{"start":{"line":15,"column":32},"end":{"line":15,"column":58}}},"3":{"name":"(anonymous_3)","line":60,"loc":{"start":{"line":60,"column":32},"end":{"line":60,"column":50}}},"4":{"name":"(anonymous_4)","line":70,"loc":{"start":{"line":70,"column":13},"end":{"line":70,"column":26}}}},"statementMap":{"1":{"start":{"line":1,"column":0},"end":{"line":1,"column":33}},"2":{"start":{"line":2,"column":0},"end":{"line":2,"column":30}},"3":{"start":{"line":3,"column":0},"end":{"line":3,"column":27}},"4":{"start":{"line":4,"column":0},"end":{"line":4,"column":27}},"5":{"start":{"line":5,"column":0},"end":{"line":5,"column":43}},"6":{"start":{"line":7,"column":0},"end":{"line":7,"column":66}},"7":{"start":{"line":10,"column":0},"end":{"line":12,"column":3}},"8":{"start":{"line":11,"column":4},"end":{"line":11,"column":25}},"9":{"start":{"line":15,"column":0},"end":{"line":78,"column":3}},"10":{"start":{"line":16,"column":4},"end":{"line":16,"column":31}},"11":{"start":{"line":17,"column":4},"end":{"line":17,"column":35}},"12":{"start":{"line":18,"column":4},"end":{"line":18,"column":29}},"13":{"start":{"line":19,"column":4},"end":{"line":19,"column":61}},"14":{"start":{"line":20,"column":4},"end":{"line":20,"column":39}},"15":{"start":{"line":21,"column":4},"end":{"line":21,"column":43}},"16":{"start":{"line":24,"column":4},"end":{"line":46,"column":5}},"17":{"start":{"line":25,"column":8},"end":{"line":27,"column":9}},"18":{"start":{"line":26,"column":12},"end":{"line":26,"column":47}},"19":{"start":{"line":28,"column":8},"end":{"line":30,"column":9}},"20":{"start":{"line":29,"column":12},"end":{"line":29,"column":45}},"21":{"start":{"line":31,"column":8},"end":{"line":33,"column":9}},"22":{"start":{"line":32,"column":12},"end":{"line":32,"column":49}},"23":{"start":{"line":34,"column":8},"end":{"line":36,"column":9}},"24":{"start":{"line":35,"column":12},"end":{"line":35,"column":36}},"25":{"start":{"line":37,"column":8},"end":{"line":39,"column":9}},"26":{"start":{"line":38,"column":12},"end":{"line":38,"column":42}},"27":{"start":{"line":40,"column":8},"end":{"line":42,"column":9}},"28":{"start":{"line":41,"column":12},"end":{"line":41,"column":41}},"29":{"start":{"line":44,"column":8},"end":{"line":44,"column":38}},"30":{"start":{"line":45,"column":8},"end":{"line":45,"column":39}},"31":{"start":{"line":49,"column":4},"end":{"line":49,"column":30}},"32":{"start":{"line":52,"column":4},"end":{"line":58,"column":6}},"33":{"start":{"line":60,"column":4},"end":{"line":77,"column":7}},"34":{"start":{"line":62,"column":8},"end":{"line":62,"column":29}},"35":{"start":{"line":64,"column":8},"end":{"line":64,"column":29}},"36":{"start":{"line":65,"column":8},"end":{"line":65,"column":32}},"37":{"start":{"line":67,"column":8},"end":{"line":67,"column":37}},"38":{"start":{"line":69,"column":8},"end":{"line":69,"column":31}},"39":{"start":{"line":72,"column":8},"end":{"line":75,"column":9}},"40":{"start":{"line":73,"column":12},"end":{"line":73,"column":42}},"41":{"start":{"line":74,"column":12},"end":{"line":74,"column":43}},"42":{"start":{"line":76,"column":8},"end":{"line":76,"column":16}},"43":{"start":{"line":80,"column":0},"end":{"line":80,"column":24}}},"branchMap":{"1":{"line":25,"type":"if","locations":[{"start":{"line":25,"column":8},"end":{"line":25,"column":8}},{"start":{"line":25,"column":8},"end":{"line":25,"column":8}}]},"2":{"line":25,"type":"binary-expr","locations":[{"start":{"line":25,"column":14},"end":{"line":25,"column":30}},{"start":{"line":25,"column":34},"end":{"line":25,"column":51}}]},"3":{"line":28,"type":"if","locations":[{"start":{"line":28,"column":8},"end":{"line":28,"column":8}},{"start":{"line":28,"column":8},"end":{"line":28,"column":8}}]},"4":{"line":31,"type":"if","locations":[{"start":{"line":31,"column":8},"end":{"line":31,"column":8}},{"start":{"line":31,"column":8},"end":{"line":31,"column":8}}]},"5":{"line":31,"type":"binary-expr","locations":[{"start":{"line":31,"column":14},"end":{"line":31,"column":29}},{"start":{"line":31,"column":33},"end":{"line":31,"column":49}}]},"6":{"line":34,"type":"if","locations":[{"start":{"line":34,"column":8},"end":{"line":34,"column":8}},{"start":{"line":34,"column":8},"end":{"line":34,"column":8}}]},"7":{"line":37,"type":"if","locations":[{"start":{"line":37,"column":8},"end":{"line":37,"column":8}},{"start":{"line":37,"column":8},"end":{"line":37,"column":8}}]},"8":{"line":40,"type":"if","locations":[{"start":{"line":40,"column":8},"end":{"line":40,"column":8}},{"start":{"line":40,"column":8},"end":{"line":40,"column":8}}]},"9":{"line":72,"type":"if","locations":[{"start":{"line":72,"column":8},"end":{"line":72,"column":8}},{"start":{"line":72,"column":8},"end":{"line":72,"column":8}}]}}},"D:\\nodeExample\\myblog\\models\\users.js":{"path":"D:\\nodeExample\\myblog\\models\\users.js","s":{"1":1,"2":1,"3":0,"4":0},"b":{},"f":{"1":0,"2":0},"fnMap":{"1":{"name":"create","line":7,"loc":{"start":{"line":7,"column":12},"end":{"line":7,"column":34}}},"2":{"name":"getUserByName","line":11,"loc":{"start":{"line":11,"column":19},"end":{"line":11,"column":48}}}},"statementMap":{"1":{"start":{"line":3,"column":0},"end":{"line":3,"column":40}},"2":{"start":{"line":5,"column":0},"end":{"line":17,"column":2}},"3":{"start":{"line":8,"column":8},"end":{"line":8,"column":40}},"4":{"start":{"line":12,"column":8},"end":{"line":15,"column":20}}},"branchMap":{}},"D:\\nodeExample\\myblog\\lib\\mongo.js":{"path":"D:\\nodeExample\\myblog\\lib\\mongo.js","s":{"1":1,"2":1,"3":1,"4":1,"5":1,"6":1,"7":1,"8":0,"9":0,"10":0,"11":0,"12":0,"13":0,"14":1,"15":1,"16":1,"17":1,"18":1,"19":1,"20":1,"21":1},"b":{"1":[0,0]},"f":{"1":0,"2":0,"3":0},"fnMap":{"1":{"name":"(anonymous_1)","line":10,"loc":{"start":{"line":10,"column":15},"end":{"line":10,"column":34}}},"2":{"name":"(anonymous_2)","line":11,"loc":{"start":{"line":11,"column":24},"end":{"line":11,"column":40}}},"3":{"name":"(anonymous_3)","line":16,"loc":{"start":{"line":16,"column":18},"end":{"line":16,"column":36}}}},"statementMap":{"1":{"start":{"line":1,"column":0},"end":{"line":1,"column":36}},"2":{"start":{"line":2,"column":0},"end":{"line":2,"column":37}},"3":{"start":{"line":3,"column":0},"end":{"line":3,"column":32}},"4":{"start":{"line":4,"column":0},"end":{"line":4,"column":31}},"5":{"start":{"line":5,"column":0},"end":{"line":5,"column":59}},"6":{"start":{"line":8,"column":0},"end":{"line":8,"column":34}},"7":{"start":{"line":9,"column":0},"end":{"line":22,"column":3}},"8":{"start":{"line":11,"column":8},"end":{"line":13,"column":11}},"9":{"start":{"line":12,"column":12},"end":{"line":12,"column":95}},"10":{"start":{"line":14,"column":8},"end":{"line":14,"column":23}},"11":{"start":{"line":17,"column":8},"end":{"line":19,"column":9}},"12":{"start":{"line":18,"column":12},"end":{"line":18,"column":99}},"13":{"start":{"line":20,"column":8},"end":{"line":20,"column":22}},"14":{"start":{"line":26,"column":0},"end":{"line":32,"column":3}},"15":{"start":{"line":33,"column":0},"end":{"line":33,"column":20}},"16":{"start":{"line":34,"column":0},"end":{"line":34,"column":57}},"17":{"start":{"line":38,"column":0},"end":{"line":43,"column":3}},"18":{"start":{"line":44,"column":0},"end":{"line":44,"column":50}},"19":{"start":{"line":47,"column":0},"end":{"line":51,"column":3}},"20":{"start":{"line":52,"column":0},"end":{"line":52,"column":49}},"21":{"start":{"line":53,"column":0},"end":{"line":53,"column":49}}},"branchMap":{"1":{"line":17,"type":"if","locations":[{"start":{"line":17,"column":8},"end":{"line":17,"column":8}},{"start":{"line":17,"column":8},"end":{"line":17,"column":8}}]}}},"D:\\nodeExample\\myblog\\middlewares\\check.js":{"path":"D:\\nodeExample\\myblog\\middlewares\\check.js","s":{"1":1,"2":0,"3":0,"4":0,"5":0,"6":0,"7":0,"8":0,"9":0},"b":{"1":[0,0],"2":[0,0]},"f":{"1":0,"2":0},"fnMap":{"1":{"name":"checkLogin","line":2,"loc":{"start":{"line":2,"column":15},"end":{"line":2,"column":51}}},"2":{"name":"(anonymous_2)","line":9,"loc":{"start":{"line":9,"column":18},"end":{"line":9,"column":44}}}},"statementMap":{"1":{"start":{"line":1,"column":0},"end":{"line":16,"column":2}},"2":{"start":{"line":3,"column":8},"end":{"line":6,"column":9}},"3":{"start":{"line":4,"column":12},"end":{"line":4,"column":38}},"4":{"start":{"line":5,"column":12},"end":{"line":5,"column":43}},"5":{"start":{"line":7,"column":8},"end":{"line":7,"column":15}},"6":{"start":{"line":10,"column":8},"end":{"line":13,"column":9}},"7":{"start":{"line":11,"column":12},"end":{"line":11,"column":38}},"8":{"start":{"line":12,"column":12},"end":{"line":12,"column":40}},"9":{"start":{"line":14,"column":8},"end":{"line":14,"column":15}}},"branchMap":{"1":{"line":3,"type":"if","locations":[{"start":{"line":3,"column":8},"end":{"line":3,"column":8}},{"start":{"line":3,"column":8},"end":{"line":3,"column":8}}]},"2":{"line":10,"type":"if","locations":[{"start":{"line":10,"column":8},"end":{"line":10,"column":8}},{"start":{"line":10,"column":8},"end":{"line":10,"column":8}}]}}},"D:\\nodeExample\\myblog\\routes\\signin.js":{"path":"D:\\nodeExample\\myblog\\routes\\signin.js","s":{"1":1,"2":1,"3":1,"4":1,"5":1,"6":1,"7":0,"8":1,"9":0,"10":0,"11":0,"12":0,"13":0,"14":0,"15":0,"16":0,"17":0,"18":0,"19":0,"20":0,"21":0,"22":1},"b":{"1":[0,0],"2":[0,0]},"f":{"1":0,"2":0,"3":0},"fnMap":{"1":{"name":"(anonymous_1)","line":8,"loc":{"start":{"line":8,"column":31},"end":{"line":8,"column":56}}},"2":{"name":"(anonymous_2)","line":13,"loc":{"start":{"line":13,"column":32},"end":{"line":13,"column":57}}},"3":{"name":"(anonymous_3)","line":16,"loc":{"start":{"line":16,"column":39},"end":{"line":16,"column":55}}}},"statementMap":{"1":{"start":{"line":1,"column":0},"end":{"line":1,"column":33}},"2":{"start":{"line":2,"column":0},"end":{"line":2,"column":30}},"3":{"start":{"line":3,"column":0},"end":{"line":3,"column":27}},"4":{"start":{"line":4,"column":0},"end":{"line":4,"column":66}},"5":{"start":{"line":5,"column":0},"end":{"line":5,"column":43}},"6":{"start":{"line":8,"column":0},"end":{"line":10,"column":3}},"7":{"start":{"line":9,"column":4},"end":{"line":9,"column":25}},"8":{"start":{"line":13,"column":0},"end":{"line":31,"column":3}},"9":{"start":{"line":14,"column":4},"end":{"line":14,"column":31}},"10":{"start":{"line":15,"column":4},"end":{"line":15,"column":39}},"11":{"start":{"line":16,"column":4},"end":{"line":30,"column":19}},"12":{"start":{"line":17,"column":8},"end":{"line":20,"column":9}},"13":{"start":{"line":18,"column":12},"end":{"line":18,"column":40}},"14":{"start":{"line":19,"column":12},"end":{"line":19,"column":40}},"15":{"start":{"line":21,"column":8},"end":{"line":24,"column":9}},"16":{"start":{"line":22,"column":12},"end":{"line":22,"column":42}},"17":{"start":{"line":23,"column":12},"end":{"line":23,"column":40}},"18":{"start":{"line":26,"column":8},"end":{"line":26,"column":37}},"19":{"start":{"line":27,"column":8},"end":{"line":27,"column":29}},"20":{"start":{"line":28,"column":8},"end":{"line":28,"column":32}},"21":{"start":{"line":29,"column":8},"end":{"line":29,"column":31}},"22":{"start":{"line":33,"column":0},"end":{"line":33,"column":24}}},"branchMap":{"1":{"line":17,"type":"if","locations":[{"start":{"line":17,"column":8},"end":{"line":17,"column":8}},{"start":{"line":17,"column":8},"end":{"line":17,"column":8}}]},"2":{"line":21,"type":"if","locations":[{"start":{"line":21,"column":8},"end":{"line":21,"column":8}},{"start":{"line":21,"column":8},"end":{"line":21,"column":8}}]}}},"D:\\nodeExample\\myblog\\routes\\signout.js":{"path":"D:\\nodeExample\\myblog\\routes\\signout.js","s":{"1":1,"2":1,"3":1,"4":1,"5":0,"6":0,"7":0,"8":1},"b":{},"f":{"1":0},"fnMap":{"1":{"name":"(anonymous_1)","line":7,"loc":{"start":{"line":7,"column":28},"end":{"line":7,"column":53}}}},"statementMap":{"1":{"start":{"line":1,"column":0},"end":{"line":1,"column":33}},"2":{"start":{"line":2,"column":0},"end":{"line":2,"column":30}},"3":{"start":{"line":4,"column":0},"end":{"line":4,"column":60}},"4":{"start":{"line":7,"column":0},"end":{"line":11,"column":3}},"5":{"start":{"line":8,"column":4},"end":{"line":8,"column":28}},"6":{"start":{"line":9,"column":4},"end":{"line":9,"column":33}},"7":{"start":{"line":10,"column":4},"end":{"line":10,"column":27}},"8":{"start":{"line":13,"column":0},"end":{"line":13,"column":24}}},"branchMap":{}},"D:\\nodeExample\\myblog\\routes\\posts.js":{"path":"D:\\nodeExample\\myblog\\routes\\posts.js","s":{"1":1,"2":1,"3":1,"4":1,"5":1,"6":1,"7":0,"8":0,"9":0,"10":1,"11":0,"12":0,"13":0,"14":0,"15":0,"16":0,"17":0,"18":0,"19":0,"20":0,"21":0,"22":0,"23":0,"24":0,"25":0,"26":1,"27":0,"28":1,"29":0,"30":0,"31":0,"32":0,"33":0,"34":0,"35":0,"36":1,"37":0,"38":0,"39":0,"40":0,"41":0,"42":0,"43":0,"44":0,"45":1,"46":0,"47":0,"48":0,"49":0,"50":0,"51":0,"52":0,"53":1,"54":0,"55":0,"56":0,"57":0,"58":0,"59":1,"60":0,"61":0,"62":0,"63":0,"64":0,"65":0,"66":0,"67":1,"68":0,"69":0,"70":0,"71":0,"72":0,"73":1},"b":{"1":[0,0],"2":[0,0],"3":[0,0],"4":[0,0],"5":[0,0]},"f":{"1":0,"2":0,"3":0,"4":0,"5":0,"6":0,"7":0,"8":0,"9":0,"10":0,"11":0,"12":0,"13":0,"14":0,"15":0,"16":0,"17":0},"fnMap":{"1":{"name":"(anonymous_1)","line":12,"loc":{"start":{"line":12,"column":16},"end":{"line":12,"column":42}}},"2":{"name":"(anonymous_2)","line":14,"loc":{"start":{"line":14,"column":36},"end":{"line":14,"column":53}}},"3":{"name":"(anonymous_3)","line":22,"loc":{"start":{"line":22,"column":29},"end":{"line":22,"column":55}}},"4":{"name":"(anonymous_4)","line":47,"loc":{"start":{"line":47,"column":14},"end":{"line":47,"column":32}}},"5":{"name":"(anonymous_5)","line":58,"loc":{"start":{"line":58,"column":34},"end":{"line":58,"column":60}}},"6":{"name":"(anonymous_6)","line":63,"loc":{"start":{"line":63,"column":23},"end":{"line":63,"column":48}}},"7":{"name":"(anonymous_7)","line":69,"loc":{"start":{"line":69,"column":12},"end":{"line":69,"column":30}}},"8":{"name":"(anonymous_8)","line":83,"loc":{"start":{"line":83,"column":40},"end":{"line":83,"column":65}}},"9":{"name":"(anonymous_9)","line":88,"loc":{"start":{"line":88,"column":14},"end":{"line":88,"column":30}}},"10":{"name":"(anonymous_10)","line":103,"loc":{"start":{"line":103,"column":41},"end":{"line":103,"column":66}}},"11":{"name":"(anonymous_11)","line":110,"loc":{"start":{"line":110,"column":14},"end":{"line":110,"column":26}}},"12":{"name":"(anonymous_12)","line":119,"loc":{"start":{"line":119,"column":42},"end":{"line":119,"column":67}}},"13":{"name":"(anonymous_13)","line":124,"loc":{"start":{"line":124,"column":14},"end":{"line":124,"column":26}}},"14":{"name":"(anonymous_14)","line":133,"loc":{"start":{"line":133,"column":44},"end":{"line":133,"column":69}}},"15":{"name":"(anonymous_15)","line":143,"loc":{"start":{"line":143,"column":13},"end":{"line":143,"column":25}}},"16":{"name":"(anonymous_16)","line":150,"loc":{"start":{"line":150,"column":61},"end":{"line":150,"column":86}}},"17":{"name":"(anonymous_17)","line":154,"loc":{"start":{"line":154,"column":14},"end":{"line":154,"column":26}}}},"statementMap":{"1":{"start":{"line":1,"column":0},"end":{"line":1,"column":33}},"2":{"start":{"line":2,"column":0},"end":{"line":2,"column":30}},"3":{"start":{"line":3,"column":0},"end":{"line":3,"column":60}},"4":{"start":{"line":5,"column":0},"end":{"line":5,"column":43}},"5":{"start":{"line":6,"column":0},"end":{"line":6,"column":49}},"6":{"start":{"line":12,"column":0},"end":{"line":19,"column":3}},"7":{"start":{"line":13,"column":4},"end":{"line":13,"column":34}},"8":{"start":{"line":14,"column":4},"end":{"line":18,"column":19}},"9":{"start":{"line":15,"column":8},"end":{"line":17,"column":10}},"10":{"start":{"line":22,"column":0},"end":{"line":55,"column":3}},"11":{"start":{"line":23,"column":4},"end":{"line":23,"column":38}},"12":{"start":{"line":24,"column":4},"end":{"line":24,"column":33}},"13":{"start":{"line":25,"column":4},"end":{"line":25,"column":37}},"14":{"start":{"line":27,"column":4},"end":{"line":37,"column":5}},"15":{"start":{"line":28,"column":8},"end":{"line":30,"column":9}},"16":{"start":{"line":29,"column":12},"end":{"line":29,"column":37}},"17":{"start":{"line":31,"column":8},"end":{"line":33,"column":9}},"18":{"start":{"line":32,"column":12},"end":{"line":32,"column":37}},"19":{"start":{"line":35,"column":8},"end":{"line":35,"column":38}},"20":{"start":{"line":36,"column":8},"end":{"line":36,"column":36}},"21":{"start":{"line":39,"column":4},"end":{"line":44,"column":6}},"22":{"start":{"line":46,"column":4},"end":{"line":54,"column":21}},"23":{"start":{"line":49,"column":12},"end":{"line":49,"column":33}},"24":{"start":{"line":50,"column":12},"end":{"line":50,"column":41}},"25":{"start":{"line":52,"column":12},"end":{"line":52,"column":47}},"26":{"start":{"line":58,"column":0},"end":{"line":60,"column":3}},"27":{"start":{"line":59,"column":4},"end":{"line":59,"column":25}},"28":{"start":{"line":63,"column":0},"end":{"line":80,"column":3}},"29":{"start":{"line":64,"column":4},"end":{"line":64,"column":35}},"30":{"start":{"line":65,"column":4},"end":{"line":79,"column":19}},"31":{"start":{"line":70,"column":8},"end":{"line":70,"column":29}},"32":{"start":{"line":71,"column":8},"end":{"line":71,"column":33}},"33":{"start":{"line":72,"column":8},"end":{"line":74,"column":9}},"34":{"start":{"line":73,"column":12},"end":{"line":73,"column":38}},"35":{"start":{"line":75,"column":8},"end":{"line":78,"column":10}},"36":{"start":{"line":83,"column":0},"end":{"line":100,"column":3}},"37":{"start":{"line":84,"column":4},"end":{"line":84,"column":35}},"38":{"start":{"line":85,"column":4},"end":{"line":85,"column":38}},"39":{"start":{"line":87,"column":4},"end":{"line":99,"column":21}},"40":{"start":{"line":89,"column":12},"end":{"line":91,"column":13}},"41":{"start":{"line":90,"column":16},"end":{"line":90,"column":42}},"42":{"start":{"line":92,"column":12},"end":{"line":94,"column":13}},"43":{"start":{"line":93,"column":16},"end":{"line":93,"column":40}},"44":{"start":{"line":95,"column":12},"end":{"line":97,"column":15}},"45":{"start":{"line":103,"column":0},"end":{"line":116,"column":3}},"46":{"start":{"line":104,"column":4},"end":{"line":104,"column":35}},"47":{"start":{"line":105,"column":4},"end":{"line":105,"column":38}},"48":{"start":{"line":106,"column":4},"end":{"line":106,"column":33}},"49":{"start":{"line":107,"column":4},"end":{"line":107,"column":37}},"50":{"start":{"line":109,"column":4},"end":{"line":115,"column":21}},"51":{"start":{"line":111,"column":12},"end":{"line":111,"column":43}},"52":{"start":{"line":113,"column":12},"end":{"line":113,"column":45}},"53":{"start":{"line":119,"column":0},"end":{"line":130,"column":3}},"54":{"start":{"line":120,"column":4},"end":{"line":120,"column":35}},"55":{"start":{"line":121,"column":4},"end":{"line":121,"column":38}},"56":{"start":{"line":123,"column":4},"end":{"line":129,"column":21}},"57":{"start":{"line":125,"column":12},"end":{"line":125,"column":43}},"58":{"start":{"line":127,"column":12},"end":{"line":127,"column":35}},"59":{"start":{"line":133,"column":0},"end":{"line":147,"column":3}},"60":{"start":{"line":134,"column":4},"end":{"line":134,"column":38}},"61":{"start":{"line":135,"column":4},"end":{"line":135,"column":35}},"62":{"start":{"line":136,"column":4},"end":{"line":136,"column":37}},"63":{"start":{"line":137,"column":4},"end":{"line":141,"column":6}},"64":{"start":{"line":142,"column":4},"end":{"line":146,"column":23}},"65":{"start":{"line":144,"column":12},"end":{"line":144,"column":41}},"66":{"start":{"line":145,"column":12},"end":{"line":145,"column":33}},"67":{"start":{"line":150,"column":0},"end":{"line":158,"column":3}},"68":{"start":{"line":151,"column":4},"end":{"line":151,"column":41}},"69":{"start":{"line":152,"column":4},"end":{"line":152,"column":38}},"70":{"start":{"line":153,"column":4},"end":{"line":157,"column":23}},"71":{"start":{"line":155,"column":12},"end":{"line":155,"column":43}},"72":{"start":{"line":156,"column":12},"end":{"line":156,"column":33}},"73":{"start":{"line":160,"column":0},"end":{"line":160,"column":24}}},"branchMap":{"1":{"line":28,"type":"if","locations":[{"start":{"line":28,"column":8},"end":{"line":28,"column":8}},{"start":{"line":28,"column":8},"end":{"line":28,"column":8}}]},"2":{"line":31,"type":"if","locations":[{"start":{"line":31,"column":8},"end":{"line":31,"column":8}},{"start":{"line":31,"column":8},"end":{"line":31,"column":8}}]},"3":{"line":72,"type":"if","locations":[{"start":{"line":72,"column":8},"end":{"line":72,"column":8}},{"start":{"line":72,"column":8},"end":{"line":72,"column":8}}]},"4":{"line":89,"type":"if","locations":[{"start":{"line":89,"column":12},"end":{"line":89,"column":12}},{"start":{"line":89,"column":12},"end":{"line":89,"column":12}}]},"5":{"line":92,"type":"if","locations":[{"start":{"line":92,"column":12},"end":{"line":92,"column":12}},{"start":{"line":92,"column":12},"end":{"line":92,"column":12}}]}}},"D:\\nodeExample\\myblog\\models\\posts.js":{"path":"D:\\nodeExample\\myblog\\models\\posts.js","s":{"1":1,"2":1,"3":1,"4":1,"5":0,"6":0,"7":0,"8":0,"9":0,"10":0,"11":0,"12":0,"13":0,"14":1,"15":0,"16":0,"17":0,"18":0,"19":0,"20":0,"21":1,"22":0,"23":0,"24":0,"25":0,"26":0,"27":0,"28":0,"29":0,"30":0,"31":0},"b":{"1":[0,0],"2":[0,0],"3":[0,0]},"f":{"1":0,"2":0,"3":0,"4":0,"5":0,"6":0,"7":0,"8":0,"9":0,"10":0,"11":0,"12":0,"13":0,"14":0,"15":0},"fnMap":{"1":{"name":"(anonymous_1)","line":7,"loc":{"start":{"line":7,"column":15},"end":{"line":7,"column":32}}},"2":{"name":"(anonymous_2)","line":8,"loc":{"start":{"line":8,"column":37},"end":{"line":8,"column":53}}},"3":{"name":"(anonymous_3)","line":9,"loc":{"start":{"line":9,"column":64},"end":{"line":9,"column":89}}},"4":{"name":"(anonymous_4)","line":15,"loc":{"start":{"line":15,"column":18},"end":{"line":15,"column":34}}},"5":{"name":"(anonymous_5)","line":17,"loc":{"start":{"line":17,"column":64},"end":{"line":17,"column":81}}},"6":{"name":"(anonymous_6)","line":27,"loc":{"start":{"line":27,"column":15},"end":{"line":27,"column":32}}},"7":{"name":"(anonymous_7)","line":28,"loc":{"start":{"line":28,"column":25},"end":{"line":28,"column":41}}},"8":{"name":"(anonymous_8)","line":33,"loc":{"start":{"line":33,"column":18},"end":{"line":33,"column":34}}},"9":{"name":"create","line":43,"loc":{"start":{"line":43,"column":12},"end":{"line":43,"column":34}}},"10":{"name":"getPostById","line":47,"loc":{"start":{"line":47,"column":17},"end":{"line":47,"column":46}}},"11":{"name":"getPosts","line":58,"loc":{"start":{"line":58,"column":14},"end":{"line":58,"column":40}}},"12":{"name":"incPv","line":74,"loc":{"start":{"line":74,"column":11},"end":{"line":74,"column":34}}},"13":{"name":"getRawPostById","line":80,"loc":{"start":{"line":80,"column":20},"end":{"line":80,"column":52}}},"14":{"name":"updatePostById","line":88,"loc":{"start":{"line":88,"column":20},"end":{"line":88,"column":66}}},"15":{"name":"delPostById","line":93,"loc":{"start":{"line":93,"column":17},"end":{"line":93,"column":54}}}},"statementMap":{"1":{"start":{"line":1,"column":0},"end":{"line":1,"column":40}},"2":{"start":{"line":2,"column":0},"end":{"line":2,"column":31}},"3":{"start":{"line":3,"column":0},"end":{"line":3,"column":41}},"4":{"start":{"line":6,"column":0},"end":{"line":24,"column":3}},"5":{"start":{"line":8,"column":8},"end":{"line":13,"column":12}},"6":{"start":{"line":9,"column":12},"end":{"line":12,"column":15}},"7":{"start":{"line":10,"column":16},"end":{"line":10,"column":51}},"8":{"start":{"line":11,"column":16},"end":{"line":11,"column":28}},"9":{"start":{"line":16,"column":8},"end":{"line":21,"column":9}},"10":{"start":{"line":17,"column":12},"end":{"line":20,"column":15}},"11":{"start":{"line":18,"column":16},"end":{"line":18,"column":43}},"12":{"start":{"line":19,"column":16},"end":{"line":19,"column":28}},"13":{"start":{"line":22,"column":8},"end":{"line":22,"column":20}},"14":{"start":{"line":26,"column":0},"end":{"line":39,"column":3}},"15":{"start":{"line":28,"column":8},"end":{"line":31,"column":11}},"16":{"start":{"line":29,"column":12},"end":{"line":29,"column":48}},"17":{"start":{"line":30,"column":12},"end":{"line":30,"column":24}},"18":{"start":{"line":34,"column":8},"end":{"line":36,"column":9}},"19":{"start":{"line":35,"column":12},"end":{"line":35,"column":48}},"20":{"start":{"line":37,"column":8},"end":{"line":37,"column":20}},"21":{"start":{"line":41,"column":0},"end":{"line":96,"column":2}},"22":{"start":{"line":44,"column":8},"end":{"line":44,"column":40}},"23":{"start":{"line":48,"column":8},"end":{"line":54,"column":20}},"24":{"start":{"line":59,"column":8},"end":{"line":59,"column":23}},"25":{"start":{"line":60,"column":8},"end":{"line":62,"column":9}},"26":{"start":{"line":61,"column":12},"end":{"line":61,"column":34}},"27":{"start":{"line":63,"column":8},"end":{"line":70,"column":20}},"28":{"start":{"line":75,"column":8},"end":{"line":77,"column":20}},"29":{"start":{"line":81,"column":8},"end":{"line":84,"column":20}},"30":{"start":{"line":89,"column":8},"end":{"line":89,"column":83}},"31":{"start":{"line":94,"column":8},"end":{"line":94,"column":66}}},"branchMap":{"1":{"line":16,"type":"if","locations":[{"start":{"line":16,"column":8},"end":{"line":16,"column":8}},{"start":{"line":16,"column":8},"end":{"line":16,"column":8}}]},"2":{"line":34,"type":"if","locations":[{"start":{"line":34,"column":8},"end":{"line":34,"column":8}},{"start":{"line":34,"column":8},"end":{"line":34,"column":8}}]},"3":{"line":60,"type":"if","locations":[{"start":{"line":60,"column":8},"end":{"line":60,"column":8}},{"start":{"line":60,"column":8},"end":{"line":60,"column":8}}]}}},"D:\\nodeExample\\myblog\\models\\comments.js":{"path":"D:\\nodeExample\\myblog\\models\\comments.js","s":{"1":1,"2":1,"3":1,"4":0,"5":0,"6":0,"7":1,"8":0,"9":0,"10":0,"11":0},"b":{},"f":{"1":0,"2":0,"3":0,"4":0,"5":0,"6":0},"fnMap":{"1":{"name":"(anonymous_1)","line":5,"loc":{"start":{"line":5,"column":15},"end":{"line":5,"column":35}}},"2":{"name":"(anonymous_2)","line":6,"loc":{"start":{"line":6,"column":28},"end":{"line":6,"column":47}}},"3":{"name":"(anonymous_3)","line":15,"loc":{"start":{"line":15,"column":12},"end":{"line":15,"column":31}}},"4":{"name":"(anonymous_4)","line":19,"loc":{"start":{"line":19,"column":19},"end":{"line":19,"column":48}}},"5":{"name":"(anonymous_5)","line":27,"loc":{"start":{"line":27,"column":17},"end":{"line":27,"column":35}}},"6":{"name":"(anonymous_6)","line":38,"loc":{"start":{"line":38,"column":22},"end":{"line":38,"column":40}}}},"statementMap":{"1":{"start":{"line":1,"column":0},"end":{"line":1,"column":31}},"2":{"start":{"line":2,"column":0},"end":{"line":2,"column":46}},"3":{"start":{"line":4,"column":0},"end":{"line":11,"column":3}},"4":{"start":{"line":6,"column":8},"end":{"line":9,"column":10}},"5":{"start":{"line":7,"column":12},"end":{"line":7,"column":54}},"6":{"start":{"line":8,"column":12},"end":{"line":8,"column":27}},"7":{"start":{"line":13,"column":0},"end":{"line":41,"column":2}},"8":{"start":{"line":16,"column":8},"end":{"line":16,"column":46}},"9":{"start":{"line":20,"column":8},"end":{"line":23,"column":18}},"10":{"start":{"line":28,"column":8},"end":{"line":34,"column":20}},"11":{"start":{"line":39,"column":8},"end":{"line":39,"column":53}}},"branchMap":{}}}